[2020-10-04 04:01:15] local.ERROR: SQLSTATE[HY000] [1049] Unknown database 'real' (SQL: select `destinations`.*, `city_names`.`city_name` as `city`, `city_names`.`id` as `city_id` from `destinations` inner join `city_names` on `destinations`.`des_city` = `city_names`.`id` where `destinations`.`des_status` = 1 order by RAND()) {"exception":"[object] (Illuminate\\Database\\QueryException(code: 1049): SQLSTATE[HY000] [1049] Unknown database 'real' (SQL: select `destinations`.*, `city_names`.`city_name` as `city`, `city_names`.`id` as `city_id` from `destinations` inner join `city_names` on `destinations`.`des_city` = `city_names`.`id` where `destinations`.`des_status` = 1 order by RAND()) at /home/behlole/Desktop/HotelsInPakistan/Final Code/blog/vendor/laravel/framework/src/Illuminate/Database/Connection.php:664, PDOException(code: 1049): SQLSTATE[HY000] [1049] Unknown database 'real' at /home/behlole/Desktop/HotelsInPakistan/Final Code/blog/vendor/laravel/framework/src/Illuminate/Database/Connectors/Connector.php:70)
[stacktrace]
#0 /home/behlole/Desktop/HotelsInPakistan/Final Code/blog/vendor/laravel/framework/src/Illuminate/Database/Connection.php(624): Illuminate\\Database\\Connection->runQueryCallback('select `destina...', Array, Object(Closure))
#1 /home/behlole/Desktop/HotelsInPakistan/Final Code/blog/vendor/laravel/framework/src/Illuminate/Database/Connection.php(333): Illuminate\\Database\\Connection->run('select `destina...', Array, Object(Closure))
#2 /home/behlole/Desktop/HotelsInPakistan/Final Code/blog/vendor/laravel/framework/src/Illuminate/Database/Query/Builder.php(2027): Illuminate\\Database\\Connection->select('select `destina...', Array, true)
#3 /home/behlole/Desktop/HotelsInPakistan/Final Code/blog/vendor/laravel/framework/src/Illuminate/Database/Query/Builder.php(2015): Illuminate\\Database\\Query\\Builder->runSelect()
#4 /home/behlole/Desktop/HotelsInPakistan/Final Code/blog/vendor/laravel/framework/src/Illuminate/Database/Query/Builder.php(2499): Illuminate\\Database\\Query\\Builder->Illuminate\\Database\\Query\\{closure}()
#5 /home/behlole/Desktop/HotelsInPakistan/Final Code/blog/vendor/laravel/framework/src/Illuminate/Database/Query/Builder.php(2016): Illuminate\\Database\\Query\\Builder->onceWithColumns(Array, Object(Closure))
#6 /home/behlole/Desktop/HotelsInPakistan/Final Code/blog/vendor/laravel/framework/src/Illuminate/Database/Eloquent/Builder.php(516): Illuminate\\Database\\Query\\Builder->get(Array)
#7 /home/behlole/Desktop/HotelsInPakistan/Final Code/blog/vendor/laravel/framework/src/Illuminate/Database/Eloquent/Builder.php(500): Illuminate\\Database\\Eloquent\\Builder->getModels(Array)
#8 /home/behlole/Desktop/HotelsInPakistan/Final Code/blog/app/Http/Controllers/User/UserController.php(33): Illuminate\\Database\\Eloquent\\Builder->get()
#9 [internal function]: App\\Http\\Controllers\\User\\UserController->welcome()
#10 /home/behlole/Desktop/HotelsInPakistan/Final Code/blog/vendor/laravel/framework/src/Illuminate/Routing/Controller.php(54): call_user_func_array(Array, Array)
#11 /home/behlole/Desktop/HotelsInPakistan/Final Code/blog/vendor/laravel/framework/src/Illuminate/Routing/ControllerDispatcher.php(45): Illuminate\\Routing\\Controller->callAction('welcome', Array)
#12 /home/behlole/Desktop/HotelsInPakistan/Final Code/blog/vendor/laravel/framework/src/Illuminate/Routing/Route.php(212): Illuminate\\Routing\\ControllerDispatcher->dispatch(Object(Illuminate\\Routing\\Route), Object(App\\Http\\Controllers\\User\\UserController), 'welcome')
#13 /home/behlole/Desktop/HotelsInPakistan/Final Code/blog/vendor/laravel/framework/src/Illuminate/Routing/Route.php(169): Illuminate\\Routing\\Route->runController()
#14 /home/behlole/Desktop/HotelsInPakistan/Final Code/blog/vendor/laravel/framework/src/Illuminate/Routing/Router.php(679): Illuminate\\Routing\\Route->run()
#15 /home/behlole/Desktop/HotelsInPakistan/Final Code/blog/vendor/laravel/framework/src/Illuminate/Routing/Pipeline.php(30): Illuminate\\Routing\\Router->Illuminate\\Routing\\{closure}(Object(Illuminate\\Http\\Request))
#16 /home/behlole/Desktop/HotelsInPakistan/Final Code/blog/vendor/laravel/framework/src/Illuminate/Routing/Middleware/SubstituteBindings.php(41): Illuminate\\Routing\\Pipeline->Illuminate\\Routing\\{closure}(Object(Illuminate\\Http\\Request))
#17 /home/behlole/Desktop/HotelsInPakistan/Final Code/blog/vendor/laravel/framework/src/Illuminate/Pipeline/Pipeline.php(151): Illuminate\\Routing\\Middleware\\SubstituteBindings->handle(Object(Illuminate\\Http\\Request), Object(Closure))
#18 /home/behlole/Desktop/HotelsInPakistan/Final Code/blog/vendor/laravel/framework/src/Illuminate/Routing/Pipeline.php(53): Illuminate\\Pipeline\\Pipeline->Illuminate\\Pipeline\\{closure}(Object(Illuminate\\Http\\Request))
#19 /home/behlole/Desktop/HotelsInPakistan/Final Code/blog/vendor/laravel/framework/src/Illuminate/Foundation/Http/Middleware/VerifyCsrfToken.php(75): Illuminate\\Routing\\Pipeline->Illuminate\\Routing\\{closure}(Object(Illuminate\\Http\\Request))
#20 /home/behlole/Desktop/HotelsInPakistan/Final Code/blog/vendor/laravel/framework/src/Illuminate/Pipeline/Pipeline.php(151): Illuminate\\Foundation\\Http\\Middleware\\VerifyCsrfToken->handle(Object(Illuminate\\Http\\Request), Object(Closure))
#21 /home/behlole/Desktop/HotelsInPakistan/Final Code/blog/vendor/laravel/framework/src/Illuminate/Routing/Pipeline.php(53): Illuminate\\Pipeline\\Pipeline->Illuminate\\Pipeline\\{closure}(Object(Illuminate\\Http\\Request))
#22 /home/behlole/Desktop/HotelsInPakistan/Final Code/blog/vendor/laravel/framework/src/Illuminate/View/Middleware/ShareErrorsFromSession.php(49): Illuminate\\Routing\\Pipeline->Illuminate\\Routing\\{closure}(Object(Illuminate\\Http\\Request))
#23 /home/behlole/Desktop/HotelsInPakistan/Final Code/blog/vendor/laravel/framework/src/Illuminate/Pipeline/Pipeline.php(151): Illuminate\\View\\Middleware\\ShareErrorsFromSession->handle(Object(Illuminate\\Http\\Request), Object(Closure))
#24 /home/behlole/Desktop/HotelsInPakistan/Final Code/blog/vendor/laravel/framework/src/Illuminate/Routing/Pipeline.php(53): Illuminate\\Pipeline\\Pipeline->Illuminate\\Pipeline\\{closure}(Object(Illuminate\\Http\\Request))
#25 /home/behlole/Desktop/HotelsInPakistan/Final Code/blog/vendor/laravel/framework/src/Illuminate/Session/Middleware/StartSession.php(63): Illuminate\\Routing\\Pipeline->Illuminate\\Routing\\{closure}(Object(Illuminate\\Http\\Request))
#26 /home/behlole/Desktop/HotelsInPakistan/Final Code/blog/vendor/laravel/framework/src/Illuminate/Pipeline/Pipeline.php(151): Illuminate\\Session\\Middleware\\StartSession->handle(Object(Illuminate\\Http\\Request), Object(Closure))
#27 /home/behlole/Desktop/HotelsInPakistan/Final Code/blog/vendor/laravel/framework/src/Illuminate/Routing/Pipeline.php(53): Illuminate\\Pipeline\\Pipeline->Illuminate\\Pipeline\\{closure}(Object(Illuminate\\Http\\Request))
#28 /home/behlole/Desktop/HotelsInPakistan/Final Code/blog/vendor/laravel/framework/src/Illuminate/Cookie/Middleware/AddQueuedCookiesToResponse.php(37): Illuminate\\Routing\\Pipeline->Illuminate\\Routing\\{closure}(Object(Illuminate\\Http\\Request))
#29 /home/behlole/Desktop/HotelsInPakistan/Final Code/blog/vendor/laravel/framework/src/Illuminate/Pipeline/Pipeline.php(151): Illuminate\\Cookie\\Middleware\\AddQueuedCookiesToResponse->handle(Object(Illuminate\\Http\\Request), Object(Closure))
#30 /home/behlole/Desktop/HotelsInPakistan/Final Code/blog/vendor/laravel/framework/src/Illuminate/Routing/Pipeline.php(53): Illuminate\\Pipeline\\Pipeline->Illuminate\\Pipeline\\{closure}(Object(Illuminate\\Http\\Request))
#31 /home/behlole/Desktop/HotelsInPakistan/Final Code/blog/vendor/laravel/framework/src/Illuminate/Cookie/Middleware/EncryptCookies.php(66): Illuminate\\Routing\\Pipeline->Illuminate\\Routing\\{closure}(Object(Illuminate\\Http\\Request))
#32 /home/behlole/Desktop/HotelsInPakistan/Final Code/blog/vendor/laravel/framework/src/Illuminate/Pipeline/Pipeline.php(151): Illuminate\\Cookie\\Middleware\\EncryptCookies->handle(Object(Illuminate\\Http\\Request), Object(Closure))
#33 /home/behlole/Desktop/HotelsInPakistan/Final Code/blog/vendor/laravel/framework/src/Illuminate/Routing/Pipeline.php(53): Illuminate\\Pipeline\\Pipeline->Illuminate\\Pipeline\\{closure}(Object(Illuminate\\Http\\Request))
#34 /home/behlole/Desktop/HotelsInPakistan/Final Code/blog/vendor/laravel/framework/src/Illuminate/Pipeline/Pipeline.php(104): Illuminate\\Routing\\Pipeline->Illuminate\\Routing\\{closure}(Object(Illuminate\\Http\\Request))
#35 /home/behlole/Desktop/HotelsInPakistan/Final Code/blog/vendor/laravel/framework/src/Illuminate/Routing/Router.php(681): Illuminate\\Pipeline\\Pipeline->then(Object(Closure))
#36 /home/behlole/Desktop/HotelsInPakistan/Final Code/blog/vendor/laravel/framework/src/Illuminate/Routing/Router.php(656): Illuminate\\Routing\\Router->runRouteWithinStack(Object(Illuminate\\Routing\\Route), Object(Illuminate\\Http\\Request))
#37 /home/behlole/Desktop/HotelsInPakistan/Final Code/blog/vendor/laravel/framework/src/Illuminate/Routing/Router.php(622): Illuminate\\Routing\\Router->runRoute(Object(Illuminate\\Http\\Request), Object(Illuminate\\Routing\\Route))
#38 /home/behlole/Desktop/HotelsInPakistan/Final Code/blog/vendor/laravel/framework/src/Illuminate/Routing/Router.php(611): Illuminate\\Routing\\Router->dispatchToRoute(Object(Illuminate\\Http\\Request))
#39 /home/behlole/Desktop/HotelsInPakistan/Final Code/blog/vendor/laravel/framework/src/Illuminate/Foundation/Http/Kernel.php(176): Illuminate\\Routing\\Router->dispatch(Object(Illuminate\\Http\\Request))
#40 /home/behlole/Desktop/HotelsInPakistan/Final Code/blog/vendor/laravel/framework/src/Illuminate/Routing/Pipeline.php(30): Illuminate\\Foundation\\Http\\Kernel->Illuminate\\Foundation\\Http\\{closure}(Object(Illuminate\\Http\\Request))
#41 /home/behlole/Desktop/HotelsInPakistan/Final Code/blog/vendor/fideloper/proxy/src/TrustProxies.php(57): Illuminate\\Routing\\Pipeline->Illuminate\\Routing\\{closure}(Object(Illuminate\\Http\\Request))
#42 /home/behlole/Desktop/HotelsInPakistan/Final Code/blog/vendor/laravel/framework/src/Illuminate/Pipeline/Pipeline.php(151): Fideloper\\Proxy\\TrustProxies->handle(Object(Illuminate\\Http\\Request), Object(Closure))
#43 /home/behlole/Desktop/HotelsInPakistan/Final Code/blog/vendor/laravel/framework/src/Illuminate/Routing/Pipeline.php(53): Illuminate\\Pipeline\\Pipeline->Illuminate\\Pipeline\\{closure}(Object(Illuminate\\Http\\Request))
#44 /home/behlole/Desktop/HotelsInPakistan/Final Code/blog/vendor/laravel/framework/src/Illuminate/Foundation/Http/Middleware/TransformsRequest.php(31): Illuminate\\Routing\\Pipeline->Illuminate\\Routing\\{closure}(Object(Illuminate\\Http\\Request))
#45 /home/behlole/Desktop/HotelsInPakistan/Final Code/blog/vendor/laravel/framework/src/Illuminate/Pipeline/Pipeline.php(151): Illuminate\\Foundation\\Http\\Middleware\\TransformsRequest->handle(Object(Illuminate\\Http\\Request), Object(Closure))
#46 /home/behlole/Desktop/HotelsInPakistan/Final Code/blog/vendor/laravel/framework/src/Illuminate/Routing/Pipeline.php(53): Illuminate\\Pipeline\\Pipeline->Illuminate\\Pipeline\\{closure}(Object(Illuminate\\Http\\Request))
#47 /home/behlole/Desktop/HotelsInPakistan/Final Code/blog/vendor/laravel/framework/src/Illuminate/Foundation/Http/Middleware/TransformsRequest.php(31): Illuminate\\Routing\\Pipeline->Illuminate\\Routing\\{closure}(Object(Illuminate\\Http\\Request))
#48 /home/behlole/Desktop/HotelsInPakistan/Final Code/blog/vendor/laravel/framework/src/Illuminate/Pipeline/Pipeline.php(151): Illuminate\\Foundation\\Http\\Middleware\\TransformsRequest->handle(Object(Illuminate\\Http\\Request), Object(Closure))
#49 /home/behlole/Desktop/HotelsInPakistan/Final Code/blog/vendor/laravel/framework/src/Illuminate/Routing/Pipeline.php(53): Illuminate\\Pipeline\\Pipeline->Illuminate\\Pipeline\\{closure}(Object(Illuminate\\Http\\Request))
#50 /home/behlole/Desktop/HotelsInPakistan/Final Code/blog/vendor/laravel/framework/src/Illuminate/Foundation/Http/Middleware/ValidatePostSize.php(27): Illuminate\\Routing\\Pipeline->Illuminate\\Routing\\{closure}(Object(Illuminate\\Http\\Request))
#51 /home/behlole/Desktop/HotelsInPakistan/Final Code/blog/vendor/laravel/framework/src/Illuminate/Pipeline/Pipeline.php(151): Illuminate\\Foundation\\Http\\Middleware\\ValidatePostSize->handle(Object(Illuminate\\Http\\Request), Object(Closure))
#52 /home/behlole/Desktop/HotelsInPakistan/Final Code/blog/vendor/laravel/framework/src/Illuminate/Routing/Pipeline.php(53): Illuminate\\Pipeline\\Pipeline->Illuminate\\Pipeline\\{closure}(Object(Illuminate\\Http\\Request))
#53 /home/behlole/Desktop/HotelsInPakistan/Final Code/blog/vendor/laravel/framework/src/Illuminate/Foundation/Http/Middleware/CheckForMaintenanceMode.php(62): Illuminate\\Routing\\Pipeline->Illuminate\\Routing\\{closure}(Object(Illuminate\\Http\\Request))
#54 /home/behlole/Desktop/HotelsInPakistan/Final Code/blog/vendor/laravel/framework/src/Illuminate/Pipeline/Pipeline.php(151): Illuminate\\Foundation\\Http\\Middleware\\CheckForMaintenanceMode->handle(Object(Illuminate\\Http\\Request), Object(Closure))
#55 /home/behlole/Desktop/HotelsInPakistan/Final Code/blog/vendor/laravel/framework/src/Illuminate/Routing/Pipeline.php(53): Illuminate\\Pipeline\\Pipeline->Illuminate\\Pipeline\\{closure}(Object(Illuminate\\Http\\Request))
#56 /home/behlole/Desktop/HotelsInPakistan/Final Code/blog/vendor/laravel/framework/src/Illuminate/Pipeline/Pipeline.php(104): Illuminate\\Routing\\Pipeline->Illuminate\\Routing\\{closure}(Object(Illuminate\\Http\\Request))
#57 /home/behlole/Desktop/HotelsInPakistan/Final Code/blog/vendor/laravel/framework/src/Illuminate/Foundation/Http/Kernel.php(151): Illuminate\\Pipeline\\Pipeline->then(Object(Closure))
#58 /home/behlole/Desktop/HotelsInPakistan/Final Code/blog/vendor/laravel/framework/src/Illuminate/Foundation/Http/Kernel.php(116): Illuminate\\Foundation\\Http\\Kernel->sendRequestThroughRouter(Object(Illuminate\\Http\\Request))
#59 /home/behlole/Desktop/HotelsInPakistan/Final Code/blog/public/index.php(55): Illuminate\\Foundation\\Http\\Kernel->handle(Object(Illuminate\\Http\\Request))
#60 /home/behlole/Desktop/HotelsInPakistan/Final Code/blog/server.php(21): require_once('/home/behlole/D...')
#61 {main}
"} 
[2020-10-04 04:01:15] local.ERROR: file_put_contents(E:\blog\storage\framework/sessions/f7idVOA2n3XisIl9RUb5MD5QjSBxTrfNzQN9CZFe): failed to open stream: No such file or directory {"exception":"[object] (ErrorException(code: 0): file_put_contents(E:\\blog\\storage\\framework/sessions/f7idVOA2n3XisIl9RUb5MD5QjSBxTrfNzQN9CZFe): failed to open stream: No such file or directory at /home/behlole/Desktop/HotelsInPakistan/Final Code/blog/vendor/laravel/framework/src/Illuminate/Filesystem/Filesystem.php:122)
[stacktrace]
#0 [internal function]: Illuminate\\Foundation\\Bootstrap\\HandleExceptions->handleError(2, 'file_put_conten...', '/home/behlole/D...', 122, Array)
#1 /home/behlole/Desktop/HotelsInPakistan/Final Code/blog/vendor/laravel/framework/src/Illuminate/Filesystem/Filesystem.php(122): file_put_contents('E:\\\\blog\\\\storage...', 'a:3:{s:6:\"_toke...', 2)
#2 /home/behlole/Desktop/HotelsInPakistan/Final Code/blog/vendor/laravel/framework/src/Illuminate/Session/FileSessionHandler.php(83): Illuminate\\Filesystem\\Filesystem->put('E:\\\\blog\\\\storage...', 'a:3:{s:6:\"_toke...', true)
#3 /home/behlole/Desktop/HotelsInPakistan/Final Code/blog/vendor/laravel/framework/src/Illuminate/Session/Store.php(129): Illuminate\\Session\\FileSessionHandler->write('f7idVOA2n3XisIl...', 'a:3:{s:6:\"_toke...')
#4 /home/behlole/Desktop/HotelsInPakistan/Final Code/blog/vendor/laravel/framework/src/Illuminate/Session/Middleware/StartSession.php(87): Illuminate\\Session\\Store->save()
#5 /home/behlole/Desktop/HotelsInPakistan/Final Code/blog/vendor/laravel/framework/src/Illuminate/Foundation/Http/Kernel.php(218): Illuminate\\Session\\Middleware\\StartSession->terminate(Object(Illuminate\\Http\\Request), Object(Illuminate\\Http\\Response))
#6 /home/behlole/Desktop/HotelsInPakistan/Final Code/blog/vendor/laravel/framework/src/Illuminate/Foundation/Http/Kernel.php(189): Illuminate\\Foundation\\Http\\Kernel->terminateMiddleware(Object(Illuminate\\Http\\Request), Object(Illuminate\\Http\\Response))
#7 /home/behlole/Desktop/HotelsInPakistan/Final Code/blog/public/index.php(60): Illuminate\\Foundation\\Http\\Kernel->terminate(Object(Illuminate\\Http\\Request), Object(Illuminate\\Http\\Response))
#8 /home/behlole/Desktop/HotelsInPakistan/Final Code/blog/server.php(21): require_once('/home/behlole/D...')
#9 {main}
"} 
[2020-10-04 04:02:39] local.ERROR: View [welcome] not found. {"exception":"[object] (InvalidArgumentException(code: 0): View [welcome] not found. at /home/behlole/Desktop/HotelsInPakistan/Final Code/blog/vendor/laravel/framework/src/Illuminate/View/FileViewFinder.php:137)
[stacktrace]
#0 /home/behlole/Desktop/HotelsInPakistan/Final Code/blog/vendor/laravel/framework/src/Illuminate/View/FileViewFinder.php(79): Illuminate\\View\\FileViewFinder->findInPaths('welcome', Array)
#1 /home/behlole/Desktop/HotelsInPakistan/Final Code/blog/vendor/laravel/framework/src/Illuminate/View/Factory.php(128): Illuminate\\View\\FileViewFinder->find('welcome')
#2 /home/behlole/Desktop/HotelsInPakistan/Final Code/blog/vendor/laravel/framework/src/Illuminate/Foundation/helpers.php(1007): Illuminate\\View\\Factory->make('welcome', Array, Array)
#3 /home/behlole/Desktop/HotelsInPakistan/Final Code/blog/app/Http/Controllers/User/UserController.php(37): view('welcome', Array)
#4 [internal function]: App\\Http\\Controllers\\User\\UserController->welcome()
#5 /home/behlole/Desktop/HotelsInPakistan/Final Code/blog/vendor/laravel/framework/src/Illuminate/Routing/Controller.php(54): call_user_func_array(Array, Array)
#6 /home/behlole/Desktop/HotelsInPakistan/Final Code/blog/vendor/laravel/framework/src/Illuminate/Routing/ControllerDispatcher.php(45): Illuminate\\Routing\\Controller->callAction('welcome', Array)
#7 /home/behlole/Desktop/HotelsInPakistan/Final Code/blog/vendor/laravel/framework/src/Illuminate/Routing/Route.php(212): Illuminate\\Routing\\ControllerDispatcher->dispatch(Object(Illuminate\\Routing\\Route), Object(App\\Http\\Controllers\\User\\UserController), 'welcome')
#8 /home/behlole/Desktop/HotelsInPakistan/Final Code/blog/vendor/laravel/framework/src/Illuminate/Routing/Route.php(169): Illuminate\\Routing\\Route->runController()
#9 /home/behlole/Desktop/HotelsInPakistan/Final Code/blog/vendor/laravel/framework/src/Illuminate/Routing/Router.php(679): Illuminate\\Routing\\Route->run()
#10 /home/behlole/Desktop/HotelsInPakistan/Final Code/blog/vendor/laravel/framework/src/Illuminate/Routing/Pipeline.php(30): Illuminate\\Routing\\Router->Illuminate\\Routing\\{closure}(Object(Illuminate\\Http\\Request))
#11 /home/behlole/Desktop/HotelsInPakistan/Final Code/blog/vendor/laravel/framework/src/Illuminate/Routing/Middleware/SubstituteBindings.php(41): Illuminate\\Routing\\Pipeline->Illuminate\\Routing\\{closure}(Object(Illuminate\\Http\\Request))
#12 /home/behlole/Desktop/HotelsInPakistan/Final Code/blog/vendor/laravel/framework/src/Illuminate/Pipeline/Pipeline.php(151): Illuminate\\Routing\\Middleware\\SubstituteBindings->handle(Object(Illuminate\\Http\\Request), Object(Closure))
#13 /home/behlole/Desktop/HotelsInPakistan/Final Code/blog/vendor/laravel/framework/src/Illuminate/Routing/Pipeline.php(53): Illuminate\\Pipeline\\Pipeline->Illuminate\\Pipeline\\{closure}(Object(Illuminate\\Http\\Request))
#14 /home/behlole/Desktop/HotelsInPakistan/Final Code/blog/vendor/laravel/framework/src/Illuminate/Foundation/Http/Middleware/VerifyCsrfToken.php(75): Illuminate\\Routing\\Pipeline->Illuminate\\Routing\\{closure}(Object(Illuminate\\Http\\Request))
#15 /home/behlole/Desktop/HotelsInPakistan/Final Code/blog/vendor/laravel/framework/src/Illuminate/Pipeline/Pipeline.php(151): Illuminate\\Foundation\\Http\\Middleware\\VerifyCsrfToken->handle(Object(Illuminate\\Http\\Request), Object(Closure))
#16 /home/behlole/Desktop/HotelsInPakistan/Final Code/blog/vendor/laravel/framework/src/Illuminate/Routing/Pipeline.php(53): Illuminate\\Pipeline\\Pipeline->Illuminate\\Pipeline\\{closure}(Object(Illuminate\\Http\\Request))
#17 /home/behlole/Desktop/HotelsInPakistan/Final Code/blog/vendor/laravel/framework/src/Illuminate/View/Middleware/ShareErrorsFromSession.php(49): Illuminate\\Routing\\Pipeline->Illuminate\\Routing\\{closure}(Object(Illuminate\\Http\\Request))
#18 /home/behlole/Desktop/HotelsInPakistan/Final Code/blog/vendor/laravel/framework/src/Illuminate/Pipeline/Pipeline.php(151): Illuminate\\View\\Middleware\\ShareErrorsFromSession->handle(Object(Illuminate\\Http\\Request), Object(Closure))
#19 /home/behlole/Desktop/HotelsInPakistan/Final Code/blog/vendor/laravel/framework/src/Illuminate/Routing/Pipeline.php(53): Illuminate\\Pipeline\\Pipeline->Illuminate\\Pipeline\\{closure}(Object(Illuminate\\Http\\Request))
#20 /home/behlole/Desktop/HotelsInPakistan/Final Code/blog/vendor/laravel/framework/src/Illuminate/Session/Middleware/StartSession.php(63): Illuminate\\Routing\\Pipeline->Illuminate\\Routing\\{closure}(Object(Illuminate\\Http\\Request))
#21 /home/behlole/Desktop/HotelsInPakistan/Final Code/blog/vendor/laravel/framework/src/Illuminate/Pipeline/Pipeline.php(151): Illuminate\\Session\\Middleware\\StartSession->handle(Object(Illuminate\\Http\\Request), Object(Closure))
#22 /home/behlole/Desktop/HotelsInPakistan/Final Code/blog/vendor/laravel/framework/src/Illuminate/Routing/Pipeline.php(53): Illuminate\\Pipeline\\Pipeline->Illuminate\\Pipeline\\{closure}(Object(Illuminate\\Http\\Request))
#23 /home/behlole/Desktop/HotelsInPakistan/Final Code/blog/vendor/laravel/framework/src/Illuminate/Cookie/Middleware/AddQueuedCookiesToResponse.php(37): Illuminate\\Routing\\Pipeline->Illuminate\\Routing\\{closure}(Object(Illuminate\\Http\\Request))
#24 /home/behlole/Desktop/HotelsInPakistan/Final Code/blog/vendor/laravel/framework/src/Illuminate/Pipeline/Pipeline.php(151): Illuminate\\Cookie\\Middleware\\AddQueuedCookiesToResponse->handle(Object(Illuminate\\Http\\Request), Object(Closure))
#25 /home/behlole/Desktop/HotelsInPakistan/Final Code/blog/vendor/laravel/framework/src/Illuminate/Routing/Pipeline.php(53): Illuminate\\Pipeline\\Pipeline->Illuminate\\Pipeline\\{closure}(Object(Illuminate\\Http\\Request))
#26 /home/behlole/Desktop/HotelsInPakistan/Final Code/blog/vendor/laravel/framework/src/Illuminate/Cookie/Middleware/EncryptCookies.php(66): Illuminate\\Routing\\Pipeline->Illuminate\\Routing\\{closure}(Object(Illuminate\\Http\\Request))
#27 /home/behlole/Desktop/HotelsInPakistan/Final Code/blog/vendor/laravel/framework/src/Illuminate/Pipeline/Pipeline.php(151): Illuminate\\Cookie\\Middleware\\EncryptCookies->handle(Object(Illuminate\\Http\\Request), Object(Closure))
#28 /home/behlole/Desktop/HotelsInPakistan/Final Code/blog/vendor/laravel/framework/src/Illuminate/Routing/Pipeline.php(53): Illuminate\\Pipeline\\Pipeline->Illuminate\\Pipeline\\{closure}(Object(Illuminate\\Http\\Request))
#29 /home/behlole/Desktop/HotelsInPakistan/Final Code/blog/vendor/laravel/framework/src/Illuminate/Pipeline/Pipeline.php(104): Illuminate\\Routing\\Pipeline->Illuminate\\Routing\\{closure}(Object(Illuminate\\Http\\Request))
#30 /home/behlole/Desktop/HotelsInPakistan/Final Code/blog/vendor/laravel/framework/src/Illuminate/Routing/Router.php(681): Illuminate\\Pipeline\\Pipeline->then(Object(Closure))
#31 /home/behlole/Desktop/HotelsInPakistan/Final Code/blog/vendor/laravel/framework/src/Illuminate/Routing/Router.php(656): Illuminate\\Routing\\Router->runRouteWithinStack(Object(Illuminate\\Routing\\Route), Object(Illuminate\\Http\\Request))
#32 /home/behlole/Desktop/HotelsInPakistan/Final Code/blog/vendor/laravel/framework/src/Illuminate/Routing/Router.php(622): Illuminate\\Routing\\Router->runRoute(Object(Illuminate\\Http\\Request), Object(Illuminate\\Routing\\Route))
#33 /home/behlole/Desktop/HotelsInPakistan/Final Code/blog/vendor/laravel/framework/src/Illuminate/Routing/Router.php(611): Illuminate\\Routing\\Router->dispatchToRoute(Object(Illuminate\\Http\\Request))
#34 /home/behlole/Desktop/HotelsInPakistan/Final Code/blog/vendor/laravel/framework/src/Illuminate/Foundation/Http/Kernel.php(176): Illuminate\\Routing\\Router->dispatch(Object(Illuminate\\Http\\Request))
#35 /home/behlole/Desktop/HotelsInPakistan/Final Code/blog/vendor/laravel/framework/src/Illuminate/Routing/Pipeline.php(30): Illuminate\\Foundation\\Http\\Kernel->Illuminate\\Foundation\\Http\\{closure}(Object(Illuminate\\Http\\Request))
#36 /home/behlole/Desktop/HotelsInPakistan/Final Code/blog/vendor/fideloper/proxy/src/TrustProxies.php(57): Illuminate\\Routing\\Pipeline->Illuminate\\Routing\\{closure}(Object(Illuminate\\Http\\Request))
#37 /home/behlole/Desktop/HotelsInPakistan/Final Code/blog/vendor/laravel/framework/src/Illuminate/Pipeline/Pipeline.php(151): Fideloper\\Proxy\\TrustProxies->handle(Object(Illuminate\\Http\\Request), Object(Closure))
#38 /home/behlole/Desktop/HotelsInPakistan/Final Code/blog/vendor/laravel/framework/src/Illuminate/Routing/Pipeline.php(53): Illuminate\\Pipeline\\Pipeline->Illuminate\\Pipeline\\{closure}(Object(Illuminate\\Http\\Request))
#39 /home/behlole/Desktop/HotelsInPakistan/Final Code/blog/vendor/laravel/framework/src/Illuminate/Foundation/Http/Middleware/TransformsRequest.php(31): Illuminate\\Routing\\Pipeline->Illuminate\\Routing\\{closure}(Object(Illuminate\\Http\\Request))
#40 /home/behlole/Desktop/HotelsInPakistan/Final Code/blog/vendor/laravel/framework/src/Illuminate/Pipeline/Pipeline.php(151): Illuminate\\Foundation\\Http\\Middleware\\TransformsRequest->handle(Object(Illuminate\\Http\\Request), Object(Closure))
#41 /home/behlole/Desktop/HotelsInPakistan/Final Code/blog/vendor/laravel/framework/src/Illuminate/Routing/Pipeline.php(53): Illuminate\\Pipeline\\Pipeline->Illuminate\\Pipeline\\{closure}(Object(Illuminate\\Http\\Request))
#42 /home/behlole/Desktop/HotelsInPakistan/Final Code/blog/vendor/laravel/framework/src/Illuminate/Foundation/Http/Middleware/TransformsRequest.php(31): Illuminate\\Routing\\Pipeline->Illuminate\\Routing\\{closure}(Object(Illuminate\\Http\\Request))
#43 /home/behlole/Desktop/HotelsInPakistan/Final Code/blog/vendor/laravel/framework/src/Illuminate/Pipeline/Pipeline.php(151): Illuminate\\Foundation\\Http\\Middleware\\TransformsRequest->handle(Object(Illuminate\\Http\\Request), Object(Closure))
#44 /home/behlole/Desktop/HotelsInPakistan/Final Code/blog/vendor/laravel/framework/src/Illuminate/Routing/Pipeline.php(53): Illuminate\\Pipeline\\Pipeline->Illuminate\\Pipeline\\{closure}(Object(Illuminate\\Http\\Request))
#45 /home/behlole/Desktop/HotelsInPakistan/Final Code/blog/vendor/laravel/framework/src/Illuminate/Foundation/Http/Middleware/ValidatePostSize.php(27): Illuminate\\Routing\\Pipeline->Illuminate\\Routing\\{closure}(Object(Illuminate\\Http\\Request))
#46 /home/behlole/Desktop/HotelsInPakistan/Final Code/blog/vendor/laravel/framework/src/Illuminate/Pipeline/Pipeline.php(151): Illuminate\\Foundation\\Http\\Middleware\\ValidatePostSize->handle(Object(Illuminate\\Http\\Request), Object(Closure))
#47 /home/behlole/Desktop/HotelsInPakistan/Final Code/blog/vendor/laravel/framework/src/Illuminate/Routing/Pipeline.php(53): Illuminate\\Pipeline\\Pipeline->Illuminate\\Pipeline\\{closure}(Object(Illuminate\\Http\\Request))
#48 /home/behlole/Desktop/HotelsInPakistan/Final Code/blog/vendor/laravel/framework/src/Illuminate/Foundation/Http/Middleware/CheckForMaintenanceMode.php(62): Illuminate\\Routing\\Pipeline->Illuminate\\Routing\\{closure}(Object(Illuminate\\Http\\Request))
#49 /home/behlole/Desktop/HotelsInPakistan/Final Code/blog/vendor/laravel/framework/src/Illuminate/Pipeline/Pipeline.php(151): Illuminate\\Foundation\\Http\\Middleware\\CheckForMaintenanceMode->handle(Object(Illuminate\\Http\\Request), Object(Closure))
#50 /home/behlole/Desktop/HotelsInPakistan/Final Code/blog/vendor/laravel/framework/src/Illuminate/Routing/Pipeline.php(53): Illuminate\\Pipeline\\Pipeline->Illuminate\\Pipeline\\{closure}(Object(Illuminate\\Http\\Request))
#51 /home/behlole/Desktop/HotelsInPakistan/Final Code/blog/vendor/laravel/framework/src/Illuminate/Pipeline/Pipeline.php(104): Illuminate\\Routing\\Pipeline->Illuminate\\Routing\\{closure}(Object(Illuminate\\Http\\Request))
#52 /home/behlole/Desktop/HotelsInPakistan/Final Code/blog/vendor/laravel/framework/src/Illuminate/Foundation/Http/Kernel.php(151): Illuminate\\Pipeline\\Pipeline->then(Object(Closure))
#53 /home/behlole/Desktop/HotelsInPakistan/Final Code/blog/vendor/laravel/framework/src/Illuminate/Foundation/Http/Kernel.php(116): Illuminate\\Foundation\\Http\\Kernel->sendRequestThroughRouter(Object(Illuminate\\Http\\Request))
#54 /home/behlole/Desktop/HotelsInPakistan/Final Code/blog/public/index.php(55): Illuminate\\Foundation\\Http\\Kernel->handle(Object(Illuminate\\Http\\Request))
#55 /home/behlole/Desktop/HotelsInPakistan/Final Code/blog/server.php(21): require_once('/home/behlole/D...')
#56 {main}
"} 
[2020-10-04 04:02:39] local.ERROR: file_put_contents(E:\blog\storage\framework/sessions/f7idVOA2n3XisIl9RUb5MD5QjSBxTrfNzQN9CZFe): failed to open stream: No such file or directory {"exception":"[object] (ErrorException(code: 0): file_put_contents(E:\\blog\\storage\\framework/sessions/f7idVOA2n3XisIl9RUb5MD5QjSBxTrfNzQN9CZFe): failed to open stream: No such file or directory at /home/behlole/Desktop/HotelsInPakistan/Final Code/blog/vendor/laravel/framework/src/Illuminate/Filesystem/Filesystem.php:122)
[stacktrace]
#0 [internal function]: Illuminate\\Foundation\\Bootstrap\\HandleExceptions->handleError(2, 'file_put_conten...', '/home/behlole/D...', 122, Array)
#1 /home/behlole/Desktop/HotelsInPakistan/Final Code/blog/vendor/laravel/framework/src/Illuminate/Filesystem/Filesystem.php(122): file_put_contents('E:\\\\blog\\\\storage...', 'a:3:{s:6:\"_toke...', 2)
#2 /home/behlole/Desktop/HotelsInPakistan/Final Code/blog/vendor/laravel/framework/src/Illuminate/Session/FileSessionHandler.php(83): Illuminate\\Filesystem\\Filesystem->put('E:\\\\blog\\\\storage...', 'a:3:{s:6:\"_toke...', true)
#3 /home/behlole/Desktop/HotelsInPakistan/Final Code/blog/vendor/laravel/framework/src/Illuminate/Session/Store.php(129): Illuminate\\Session\\FileSessionHandler->write('f7idVOA2n3XisIl...', 'a:3:{s:6:\"_toke...')
#4 /home/behlole/Desktop/HotelsInPakistan/Final Code/blog/vendor/laravel/framework/src/Illuminate/Session/Middleware/StartSession.php(87): Illuminate\\Session\\Store->save()
#5 /home/behlole/Desktop/HotelsInPakistan/Final Code/blog/vendor/laravel/framework/src/Illuminate/Foundation/Http/Kernel.php(218): Illuminate\\Session\\Middleware\\StartSession->terminate(Object(Illuminate\\Http\\Request), Object(Illuminate\\Http\\Response))
#6 /home/behlole/Desktop/HotelsInPakistan/Final Code/blog/vendor/laravel/framework/src/Illuminate/Foundation/Http/Kernel.php(189): Illuminate\\Foundation\\Http\\Kernel->terminateMiddleware(Object(Illuminate\\Http\\Request), Object(Illuminate\\Http\\Response))
#7 /home/behlole/Desktop/HotelsInPakistan/Final Code/blog/public/index.php(60): Illuminate\\Foundation\\Http\\Kernel->terminate(Object(Illuminate\\Http\\Request), Object(Illuminate\\Http\\Response))
#8 /home/behlole/Desktop/HotelsInPakistan/Final Code/blog/server.php(21): require_once('/home/behlole/D...')
#9 {main}
"} 
